<?xml version="1.0" encoding="UTF-8"?>
<!-- Generated by org.testng.reporters.JUnitReportReporter -->
<testsuite hostname="DESKTOP-5SFAHUT" failures="0" tests="2" name="batchExecutionClasses.HarleyDavidson" time="52.866" errors="0" timestamp="2024-07-15T15:28:39 IST" skipped="0">
  <testcase classname="batchExecutionClasses.HarleyDavidson" name="jawa" time="6.563"/>
  <system-out>
    <![CDATA[harleyDavidson]]>
  </system-out>
  <testcase classname="batchExecutionClasses.HarleyDavidson" name="harleyDavidson" time="46.303"/>
  <system-out>
    <![CDATA[harleyDavidson]]>
  </system-out>
</testsuite> <!-- batchExecutionClasses.HarleyDavidson -->
