<?xml version="1.0" encoding="UTF-8"?>
<!-- Generated by org.testng.reporters.JUnitReportReporter -->
<testsuite hostname="DESKTOP-5SFAHUT" failures="0" tests="3" name="testScripts.ToUseDisabledHelperAttribute" time="25.521" errors="0" timestamp="2024-07-13T15:40:12 IST" skipped="1">
  <testcase classname="testScripts.ToUseDisabledHelperAttribute" name="hayabusa" time="9.093"/>
  <system-out/>
  <testcase classname="testScripts.ToUseDisabledHelperAttribute" name="continentalGT650" time="16.428"/>
  <system-out/>
  <testcase classname="testScripts.ToUseDisabledHelperAttribute" name="harleyDavidson">
    <skipped/>
  </testcase> <!-- harleyDavidson -->
  <system-out/>
</testsuite> <!-- testScripts.ToUseDisabledHelperAttribute -->
