<?xml version="1.0" encoding="UTF-8"?>
<!-- Generated by org.testng.reporters.JUnitReportReporter -->
<testsuite hostname="DESKTOP-5SFAHUT" failures="0" tests="1" name="com.selenium.JavaTPoint" time="18.685" errors="0" timestamp="2024-07-16T15:30:55 IST" skipped="0">
  <testcase classname="com.selenium.JavaTPoint" name="bmw" time="18.685"/>
  <system-out/>
</testsuite> <!-- com.selenium.JavaTPoint -->
