<?xml version="1.0" encoding="UTF-8"?>
<!-- Generated by org.testng.reporters.JUnitReportReporter -->
<testsuite hostname="DESKTOP-5SFAHUT" failures="0" tests="1" name="batchExecutionClasses.Hayabusa" time="6.386" errors="0" timestamp="2024-07-15T15:28:39 IST" skipped="0">
  <testcase classname="batchExecutionClasses.Hayabusa" name="hayabusa" time="6.386"/>
  <system-out>
    <![CDATA[hayabusa]]>
  </system-out>
</testsuite> <!-- batchExecutionClasses.Hayabusa -->
