<?xml version="1.0" encoding="UTF-8"?>
<!-- Generated by org.testng.reporters.JUnitReportReporter -->
<testsuite hostname="DESKTOP-5SFAHUT" failures="0" tests="1" name="testScripts.DWS001" time="9.001" errors="0" timestamp="2024-07-23T14:59:27 IST" skipped="0">
  <testcase classname="testScripts.DWS001" name="verify_a_product_can_be_added_to_the_cart" time="9.001"/>
  <system-out>
    <![CDATA[TestCase --verify_a_product_can_be_added_to_the_cartis started
TestCase --verify_a_product_can_be_added_to_the_cartis passed]]>
  </system-out>
</testsuite> <!-- testScripts.DWS001 -->
