<?xml version="1.0" encoding="UTF-8"?>
<!-- Generated by org.testng.reporters.JUnitReportReporter -->
<testsuite hostname="DESKTOP-5SFAHUT" failures="0" tests="1" name="batchExecutionClasses.Amazon" time="18.327" errors="0" timestamp="2024-07-15T15:28:39 IST" skipped="0">
  <testcase classname="batchExecutionClasses.Amazon" name="amazon" time="18.327"/>
  <system-out>
    <![CDATA[amazon]]>
  </system-out>
</testsuite> <!-- batchExecutionClasses.Amazon -->
