<?xml version="1.0" encoding="UTF-8"?>
<!-- Generated by org.testng.reporters.JUnitReportReporter -->
<testsuite hostname="DESKTOP-5SFAHUT" failures="0" tests="1" name="groupExecutionClasses.Puneeth" time="8.920" errors="0" timestamp="2024-07-15T15:56:49 IST" skipped="0">
  <testcase classname="groupExecutionClasses.Puneeth" name="puneeth" time="8.920"/>
  <system-out>
    <![CDATA[puneeth]]>
  </system-out>
</testsuite> <!-- groupExecutionClasses.Puneeth -->
