<?xml version="1.0" encoding="UTF-8"?>
<!-- Generated by org.testng.reporters.JUnitReportReporter -->
<testsuite hostname="DESKTOP-5SFAHUT" failures="0" tests="1" name="testScripts.DWS002" time="7.333" errors="0" timestamp="2024-07-23T15:22:38 IST" skipped="0">
  <testcase classname="testScripts.DWS002" name="verify_user_is_able_to_add_a_product_to_wishlist" time="7.333"/>
  <system-out>
    <![CDATA[TestCase --verify_user_is_able_to_add_a_product_to_wishlistis started
TestCase --verify_user_is_able_to_add_a_product_to_wishlistis passed]]>
  </system-out>
</testsuite> <!-- testScripts.DWS002 -->
