<?xml version="1.0" encoding="UTF-8"?>
<!-- Generated by org.testng.reporters.JUnitReportReporter -->
<testsuite hostname="DESKTOP-5SFAHUT" failures="0" tests="1" name="testScripts.HarleyDavidson" time="17.834" errors="0" timestamp="2024-07-15T15:02:05 IST" skipped="0">
  <testcase classname="testScripts.HarleyDavidson" name="harleyDavidson" time="17.834"/>
  <system-out>
    <![CDATA[harleyDavidson]]>
  </system-out>
</testsuite> <!-- testScripts.HarleyDavidson -->
