<?xml version="1.0" encoding="UTF-8"?>
<!-- Generated by org.testng.reporters.JUnitReportReporter -->
<testsuite hostname="DESKTOP-5SFAHUT" failures="0" tests="1" name="batchExecutionClasses.Continental" time="26.538" errors="0" timestamp="2024-07-15T15:28:39 IST" skipped="0">
  <testcase classname="batchExecutionClasses.Continental" name="continentalGT650" time="26.538"/>
  <system-out>
    <![CDATA[continentalGT650]]>
  </system-out>
</testsuite> <!-- batchExecutionClasses.Continental -->
