<?xml version="1.0" encoding="UTF-8"?>
<!-- Generated by org.testng.reporters.JUnitReportReporter -->
<testsuite hostname="DESKTOP-5SFAHUT" failures="0" tests="1" name="groupExecutionClasses.Yash" time="7.241" errors="0" timestamp="2024-07-15T15:56:49 IST" skipped="0">
  <testcase classname="groupExecutionClasses.Yash" name="yash" time="7.241"/>
  <system-out>
    <![CDATA[yash]]>
  </system-out>
</testsuite> <!-- groupExecutionClasses.Yash -->
