<?xml version="1.0" encoding="UTF-8"?>
<!-- Generated by org.testng.reporters.JUnitReportReporter -->
<testsuite hostname="DESKTOP-5SFAHUT" failures="0" tests="1" name="testScripts.Continental" time="16.329" errors="0" timestamp="2024-07-15T15:02:05 IST" skipped="0">
  <testcase classname="testScripts.Continental" name="continentalGT650" time="16.329"/>
  <system-out>
    <![CDATA[continentalGT650]]>
  </system-out>
</testsuite> <!-- testScripts.Continental -->
