<?xml version="1.0" encoding="UTF-8"?>
<!-- Generated by org.testng.reporters.JUnitReportReporter -->
<testsuite hostname="DESKTOP-5SFAHUT" failures="0" tests="2" name="roughWork.ToCheckTestNGAnnotations" time="0.019" errors="0" timestamp="2024-07-12T16:02:04 IST" skipped="0">
  <testcase classname="roughWork.ToCheckTestNGAnnotations" name="executeScript2" time="0.015"/>
  <system-out>
    <![CDATA[Executing Test Case 2]]>
  </system-out>
  <testcase classname="roughWork.ToCheckTestNGAnnotations" name="executeScript1" time="0.004"/>
  <system-out>
    <![CDATA[Executing Test Case 1]]>
  </system-out>
</testsuite> <!-- roughWork.ToCheckTestNGAnnotations -->
