<?xml version="1.0" encoding="UTF-8"?>
<!-- Generated by org.testng.reporters.JUnitReportReporter -->
<testsuite hostname="DESKTOP-5SFAHUT" failures="0" tests="1" name="groupExecutionClasses.VickyKaushal" time="5.971" errors="0" timestamp="2024-07-15T15:56:49 IST" skipped="0">
  <testcase classname="groupExecutionClasses.VickyKaushal" name="vickyKaushal" time="5.971"/>
  <system-out>
    <![CDATA[vickyKaushal]]>
  </system-out>
</testsuite> <!-- groupExecutionClasses.VickyKaushal -->
