<?xml version="1.0" encoding="UTF-8"?>
<!-- Generated by org.testng.reporters.JUnitReportReporter -->
<testsuite hostname="DESKTOP-5SFAHUT" failures="0" tests="1" name="testScripts.Hayabusa" time="16.257" errors="0" timestamp="2024-07-15T15:02:05 IST" skipped="0">
  <testcase classname="testScripts.Hayabusa" name="hayabusa" time="16.257"/>
  <system-out>
    <![CDATA[hayabusa]]>
  </system-out>
</testsuite> <!-- testScripts.Hayabusa -->
