<?xml version="1.0" encoding="UTF-8"?>
<!-- Generated by org.testng.reporters.JUnitReportReporter -->
<testsuite hostname="DESKTOP-5SFAHUT" failures="0" tests="3" name="testScripts.ToUseDependencyMethodOnBike" time="50.051" errors="0" timestamp="2024-07-13T15:26:48 IST" skipped="0">
  <testcase classname="testScripts.ToUseDependencyMethodOnBike" name="continentalGT650" time="14.755"/>
  <system-out/>
  <testcase classname="testScripts.ToUseDependencyMethodOnBike" name="harleyDavidson" time="27.292"/>
  <system-out/>
  <testcase classname="testScripts.ToUseDependencyMethodOnBike" name="hayabusa" time="8.004"/>
  <system-out/>
</testsuite> <!-- testScripts.ToUseDependencyMethodOnBike -->
