<?xml version="1.0" encoding="UTF-8"?>
<!-- Generated by org.testng.reporters.JUnitReportReporter -->
<testsuite hostname="DESKTOP-5SFAHUT" failures="0" tests="1" name="batchExecutionClasses.Flipkart" time="18.645" errors="0" timestamp="2024-07-15T15:28:39 IST" skipped="0">
  <testcase classname="batchExecutionClasses.Flipkart" name="flipkart" time="18.645"/>
  <system-out>
    <![CDATA[flipkart]]>
  </system-out>
</testsuite> <!-- batchExecutionClasses.Flipkart -->
