<?xml version="1.0" encoding="UTF-8"?>
<!-- Generated by org.testng.reporters.JUnitReportReporter -->
<testsuite hostname="DESKTOP-5SFAHUT" failures="0" tests="1" name="com.groupExecutionClasses.VickyKaushal" time="6.543" errors="0" timestamp="2024-07-26T16:11:15 IST" skipped="0">
  <testcase classname="com.groupExecutionClasses.VickyKaushal" name="vickyKaushal" time="6.543">
    <system-out>
      <![CDATA[vickyKaushal]]>
    </system-out>
  </testcase> <!-- vickyKaushal -->
  <system-out>
    <![CDATA[alluArjun
vickyKaushal
maheshBabu
yash
puneeth]]>
  </system-out>
</testsuite> <!-- com.groupExecutionClasses.VickyKaushal -->
