<?xml version="1.0" encoding="UTF-8"?>
<!-- Generated by org.testng.reporters.JUnitReportReporter -->
<testsuite hostname="DESKTOP-5SFAHUT" failures="0" tests="1" name="com.sampleTestScripts.TestScript1_Test" time="0.019" errors="0" timestamp="2024-07-26T15:21:28 IST" skipped="0">
  <testcase classname="com.sampleTestScripts.TestScript1_Test" name="executeScript" time="0.019">
    <system-out>
      <![CDATA[Learning Maven]]>
    </system-out>
  </testcase> <!-- executeScript -->
  <system-out>
    <![CDATA[Learning Maven]]>
  </system-out>
</testsuite> <!-- com.sampleTestScripts.TestScript1_Test -->
