<?xml version="1.0" encoding="UTF-8"?>
<!-- Generated by org.testng.reporters.JUnitReportReporter -->
<testsuite hostname="DESKTOP-5SFAHUT" failures="0" tests="1" name="com.groupExecutionClasses.MaheshBabu" time="7.036" errors="0" timestamp="2024-07-26T16:11:15 IST" skipped="0">
  <testcase classname="com.groupExecutionClasses.MaheshBabu" name="maheshBabu" time="7.036">
    <system-out>
      <![CDATA[maheshBabu]]>
    </system-out>
  </testcase> <!-- maheshBabu -->
  <system-out>
    <![CDATA[alluArjun
vickyKaushal
maheshBabu
yash
puneeth]]>
  </system-out>
</testsuite> <!-- com.groupExecutionClasses.MaheshBabu -->
